{"/Users/willhenshaw/Desktop/ticket-app/server/data/models/organization.model.js": {"path":"/Users/willhenshaw/Desktop/ticket-app/server/data/models/organization.model.js","statementMap":{"0":{"start":{"line":1,"column":0},"end":{"line":13,"column":2}}},"fnMap":{},"branchMap":{},"s":{"0":1},"f":{},"b":{},"_coverageSchema":"43e27e138ebf9cfc5966b082cf9a028302ed4184","hash":"618b6b3148dc336a57d8dfbb125e5983baffd4c1"}
,"/Users/willhenshaw/Desktop/ticket-app/server/data/models/ticket.model.js": {"path":"/Users/willhenshaw/Desktop/ticket-app/server/data/models/ticket.model.js","statementMap":{"0":{"start":{"line":1,"column":0},"end":{"line":20,"column":2}}},"fnMap":{},"branchMap":{},"s":{"0":1},"f":{},"b":{},"_coverageSchema":"43e27e138ebf9cfc5966b082cf9a028302ed4184","hash":"ba51ba92bb586bf434ef5283dda535527b2fcf69"}
,"/Users/willhenshaw/Desktop/ticket-app/server/data/models/user.model.js": {"path":"/Users/willhenshaw/Desktop/ticket-app/server/data/models/user.model.js","statementMap":{"0":{"start":{"line":1,"column":0},"end":{"line":23,"column":2}}},"fnMap":{},"branchMap":{},"s":{"0":1},"f":{},"b":{},"_coverageSchema":"43e27e138ebf9cfc5966b082cf9a028302ed4184","hash":"77e82734ab450da385a41cdeff8ac027b019d017"}
,"/Users/willhenshaw/Desktop/ticket-app/server/filter-helpers/arrayFilter.js": {"path":"/Users/willhenshaw/Desktop/ticket-app/server/filter-helpers/arrayFilter.js","statementMap":{"0":{"start":{"line":1,"column":0},"end":{"line":5,"column":1}},"1":{"start":{"line":3,"column":2},"end":{"line":3,"column":62}}},"fnMap":{"0":{"name":"(anonymous_0)","decl":{"start":{"line":2,"column":9},"end":{"line":2,"column":10}},"loc":{"start":{"line":2,"column":31},"end":{"line":4,"column":2}},"line":2}},"branchMap":{"0":{"loc":{"start":{"line":3,"column":9},"end":{"line":3,"column":61}},"type":"cond-expr","locations":[{"start":{"line":3,"column":25},"end":{"line":3,"column":29}},{"start":{"line":3,"column":32},"end":{"line":3,"column":61}}],"line":3}},"s":{"0":1,"1":0},"f":{"0":0},"b":{"0":[0,0]},"_coverageSchema":"43e27e138ebf9cfc5966b082cf9a028302ed4184","hash":"820ffdbcb252731398e788cf9dd7f8e0a7f3f1c3"}
,"/Users/willhenshaw/Desktop/ticket-app/server/filter-helpers/booleanFilter.js": {"path":"/Users/willhenshaw/Desktop/ticket-app/server/filter-helpers/booleanFilter.js","statementMap":{"0":{"start":{"line":1,"column":0},"end":{"line":15,"column":1}},"1":{"start":{"line":3,"column":2},"end":{"line":5,"column":3}},"2":{"start":{"line":4,"column":3},"end":{"line":4,"column":15}},"3":{"start":{"line":6,"column":2},"end":{"line":8,"column":3}},"4":{"start":{"line":7,"column":3},"end":{"line":7,"column":16}},"5":{"start":{"line":10,"column":2},"end":{"line":10,"column":50}},"6":{"start":{"line":12,"column":2},"end":{"line":12,"column":33}}},"fnMap":{"0":{"name":"(anonymous_0)","decl":{"start":{"line":2,"column":9},"end":{"line":2,"column":10}},"loc":{"start":{"line":2,"column":35},"end":{"line":14,"column":2}},"line":2}},"branchMap":{"0":{"loc":{"start":{"line":3,"column":2},"end":{"line":5,"column":3}},"type":"if","locations":[{"start":{"line":3,"column":2},"end":{"line":5,"column":3}},{"start":{"line":3,"column":2},"end":{"line":5,"column":3}}],"line":3},"1":{"loc":{"start":{"line":6,"column":2},"end":{"line":8,"column":3}},"type":"if","locations":[{"start":{"line":6,"column":2},"end":{"line":8,"column":3}},{"start":{"line":6,"column":2},"end":{"line":8,"column":3}}],"line":6},"2":{"loc":{"start":{"line":6,"column":6},"end":{"line":6,"column":51}},"type":"binary-expr","locations":[{"start":{"line":6,"column":6},"end":{"line":6,"column":26}},{"start":{"line":6,"column":30},"end":{"line":6,"column":51}}],"line":6},"3":{"loc":{"start":{"line":10,"column":14},"end":{"line":10,"column":49}},"type":"cond-expr","locations":[{"start":{"line":10,"column":37},"end":{"line":10,"column":41}},{"start":{"line":10,"column":44},"end":{"line":10,"column":49}}],"line":10}},"s":{"0":1,"1":0,"2":0,"3":0,"4":0,"5":0,"6":0},"f":{"0":0},"b":{"0":[0,0],"1":[0,0],"2":[0,0],"3":[0,0]},"_coverageSchema":"43e27e138ebf9cfc5966b082cf9a028302ed4184","hash":"098faa8d60b774dfc65116bb6d6015e1ee72d8b2"}
,"/Users/willhenshaw/Desktop/ticket-app/server/filter-helpers/getFilterFunction.js": {"path":"/Users/willhenshaw/Desktop/ticket-app/server/filter-helpers/getFilterFunction.js","statementMap":{"0":{"start":{"line":1,"column":14},"end":{"line":1,"column":58}},"1":{"start":{"line":2,"column":22},"end":{"line":2,"column":82}},"2":{"start":{"line":3,"column":16},"end":{"line":3,"column":61}},"3":{"start":{"line":5,"column":21},"end":{"line":5,"column":56}},"4":{"start":{"line":6,"column":20},"end":{"line":6,"column":54}},"5":{"start":{"line":7,"column":22},"end":{"line":7,"column":58}},"6":{"start":{"line":8,"column":21},"end":{"line":8,"column":56}},"7":{"start":{"line":10,"column":0},"end":{"line":52,"column":2}},"8":{"start":{"line":12,"column":19},"end":{"line":12,"column":23}},"9":{"start":{"line":13,"column":2},"end":{"line":25,"column":3}},"10":{"start":{"line":15,"column":4},"end":{"line":15,"column":41}},"11":{"start":{"line":16,"column":4},"end":{"line":16,"column":10}},"12":{"start":{"line":18,"column":4},"end":{"line":18,"column":49}},"13":{"start":{"line":19,"column":4},"end":{"line":19,"column":10}},"14":{"start":{"line":21,"column":4},"end":{"line":21,"column":43}},"15":{"start":{"line":22,"column":4},"end":{"line":22,"column":10}},"16":{"start":{"line":24,"column":4},"end":{"line":24,"column":22}},"17":{"start":{"line":26,"column":2},"end":{"line":26,"column":20}},"18":{"start":{"line":29,"column":23},"end":{"line":29,"column":27}},"19":{"start":{"line":30,"column":2},"end":{"line":47,"column":3}},"20":{"start":{"line":32,"column":4},"end":{"line":32,"column":34}},"21":{"start":{"line":33,"column":4},"end":{"line":33,"column":10}},"22":{"start":{"line":35,"column":4},"end":{"line":35,"column":33}},"23":{"start":{"line":36,"column":4},"end":{"line":36,"column":10}},"24":{"start":{"line":38,"column":4},"end":{"line":38,"column":35}},"25":{"start":{"line":39,"column":4},"end":{"line":39,"column":10}},"26":{"start":{"line":41,"column":4},"end":{"line":41,"column":34}},"27":{"start":{"line":42,"column":4},"end":{"line":42,"column":10}},"28":{"start":{"line":44,"column":4},"end":{"line":46,"column":5}},"29":{"start":{"line":45,"column":5},"end":{"line":45,"column":18}},"30":{"start":{"line":49,"column":2},"end":{"line":49,"column":24}}},"fnMap":{"0":{"name":"(anonymous_0)","decl":{"start":{"line":11,"column":16},"end":{"line":11,"column":17}},"loc":{"start":{"line":11,"column":37},"end":{"line":27,"column":2}},"line":11},"1":{"name":"(anonymous_1)","decl":{"start":{"line":28,"column":20},"end":{"line":28,"column":21}},"loc":{"start":{"line":28,"column":30},"end":{"line":51,"column":2}},"line":28},"2":{"name":"(anonymous_2)","decl":{"start":{"line":44,"column":21},"end":{"line":44,"column":22}},"loc":{"start":{"line":44,"column":26},"end":{"line":46,"column":5}},"line":44}},"branchMap":{"0":{"loc":{"start":{"line":13,"column":2},"end":{"line":25,"column":3}},"type":"switch","locations":[{"start":{"line":14,"column":3},"end":{"line":16,"column":10}},{"start":{"line":17,"column":3},"end":{"line":19,"column":10}},{"start":{"line":20,"column":3},"end":{"line":22,"column":10}},{"start":{"line":23,"column":3},"end":{"line":24,"column":22}}],"line":13},"1":{"loc":{"start":{"line":15,"column":17},"end":{"line":15,"column":40}},"type":"binary-expr","locations":[{"start":{"line":15,"column":17},"end":{"line":15,"column":32}},{"start":{"line":15,"column":36},"end":{"line":15,"column":40}}],"line":15},"2":{"loc":{"start":{"line":18,"column":17},"end":{"line":18,"column":48}},"type":"binary-expr","locations":[{"start":{"line":18,"column":17},"end":{"line":18,"column":40}},{"start":{"line":18,"column":44},"end":{"line":18,"column":48}}],"line":18},"3":{"loc":{"start":{"line":21,"column":17},"end":{"line":21,"column":42}},"type":"binary-expr","locations":[{"start":{"line":21,"column":17},"end":{"line":21,"column":34}},{"start":{"line":21,"column":38},"end":{"line":21,"column":42}}],"line":21},"4":{"loc":{"start":{"line":30,"column":2},"end":{"line":47,"column":3}},"type":"switch","locations":[{"start":{"line":31,"column":3},"end":{"line":33,"column":10}},{"start":{"line":34,"column":3},"end":{"line":36,"column":10}},{"start":{"line":37,"column":3},"end":{"line":39,"column":10}},{"start":{"line":40,"column":3},"end":{"line":42,"column":10}},{"start":{"line":43,"column":3},"end":{"line":46,"column":5}}],"line":30}},"s":{"0":1,"1":1,"2":1,"3":1,"4":1,"5":1,"6":1,"7":1,"8":5,"9":5,"10":2,"11":2,"12":1,"13":1,"14":1,"15":1,"16":1,"17":5,"18":1,"19":1,"20":1,"21":1,"22":0,"23":0,"24":0,"25":0,"26":0,"27":0,"28":0,"29":0,"30":1},"f":{"0":5,"1":1,"2":0},"b":{"0":[2,1,1,1],"1":[2,1],"2":[1,0],"3":[1,0],"4":[1,0,0,0,0]},"_coverageSchema":"43e27e138ebf9cfc5966b082cf9a028302ed4184","hash":"9e8a809e34033fc26e29eb7fa40a977e1b5b2feb"}
,"/Users/willhenshaw/Desktop/ticket-app/server/filter-helpers/numberFilter.js": {"path":"/Users/willhenshaw/Desktop/ticket-app/server/filter-helpers/numberFilter.js","statementMap":{"0":{"start":{"line":1,"column":0},"end":{"line":5,"column":2}},"1":{"start":{"line":3,"column":2},"end":{"line":3,"column":59}}},"fnMap":{"0":{"name":"(anonymous_0)","decl":{"start":{"line":2,"column":9},"end":{"line":2,"column":10}},"loc":{"start":{"line":2,"column":35},"end":{"line":4,"column":2}},"line":2}},"branchMap":{"0":{"loc":{"start":{"line":3,"column":9},"end":{"line":3,"column":58}},"type":"cond-expr","locations":[{"start":{"line":3,"column":29},"end":{"line":3,"column":33}},{"start":{"line":3,"column":36},"end":{"line":3,"column":58}}],"line":3}},"s":{"0":1,"1":0},"f":{"0":0},"b":{"0":[0,0]},"_coverageSchema":"43e27e138ebf9cfc5966b082cf9a028302ed4184","hash":"a3cc53f25d7e26e29146469e89b066796c026fe6"}
,"/Users/willhenshaw/Desktop/ticket-app/server/filter-helpers/stringFilter.js": {"path":"/Users/willhenshaw/Desktop/ticket-app/server/filter-helpers/stringFilter.js","statementMap":{"0":{"start":{"line":1,"column":0},"end":{"line":6,"column":2}},"1":{"start":{"line":3,"column":2},"end":{"line":3,"column":35}},"2":{"start":{"line":4,"column":2},"end":{"line":4,"column":61}}},"fnMap":{"0":{"name":"(anonymous_0)","decl":{"start":{"line":2,"column":9},"end":{"line":2,"column":10}},"loc":{"start":{"line":2,"column":35},"end":{"line":5,"column":2}},"line":2}},"branchMap":{"0":{"loc":{"start":{"line":4,"column":9},"end":{"line":4,"column":60}},"type":"cond-expr","locations":[{"start":{"line":4,"column":29},"end":{"line":4,"column":33}},{"start":{"line":4,"column":37},"end":{"line":4,"column":60}}],"line":4}},"s":{"0":1,"1":0,"2":0},"f":{"0":0},"b":{"0":[0,0]},"_coverageSchema":"43e27e138ebf9cfc5966b082cf9a028302ed4184","hash":"310c6dc0356e37fb99567120fedd72802cf2a2f3"}
}
