TN:
SF:/Users/willhenshaw/Desktop/ticket-app/server/data/models/organization.model.js
FNF:0
FNH:0
DA:1,1
LF:1
LH:1
BRF:0
BRH:0
end_of_record
TN:
SF:/Users/willhenshaw/Desktop/ticket-app/server/data/models/ticket.model.js
FNF:0
FNH:0
DA:1,1
LF:1
LH:1
BRF:0
BRH:0
end_of_record
TN:
SF:/Users/willhenshaw/Desktop/ticket-app/server/data/models/user.model.js
FNF:0
FNH:0
DA:1,1
LF:1
LH:1
BRF:0
BRH:0
end_of_record
TN:
SF:/Users/willhenshaw/Desktop/ticket-app/server/filter-helpers/arrayFilter.js
FN:2,(anonymous_0)
FNF:1
FNH:0
FNDA:0,(anonymous_0)
DA:1,1
DA:3,0
LF:2
LH:1
BRDA:3,0,0,0
BRDA:3,0,1,0
BRF:2
BRH:0
end_of_record
TN:
SF:/Users/willhenshaw/Desktop/ticket-app/server/filter-helpers/booleanFilter.js
FN:2,(anonymous_0)
FNF:1
FNH:0
FNDA:0,(anonymous_0)
DA:1,1
DA:3,0
DA:4,0
DA:6,0
DA:7,0
DA:10,0
DA:12,0
LF:7
LH:1
BRDA:3,0,0,0
BRDA:3,0,1,0
BRDA:6,1,0,0
BRDA:6,1,1,0
BRDA:6,2,0,0
BRDA:6,2,1,0
BRDA:10,3,0,0
BRDA:10,3,1,0
BRF:8
BRH:0
end_of_record
TN:
SF:/Users/willhenshaw/Desktop/ticket-app/server/filter-helpers/getFilterFunction.js
FN:11,(anonymous_0)
FN:28,(anonymous_1)
FN:44,(anonymous_2)
FNF:3
FNH:2
FNDA:5,(anonymous_0)
FNDA:1,(anonymous_1)
FNDA:0,(anonymous_2)
DA:1,1
DA:2,1
DA:3,1
DA:5,1
DA:6,1
DA:7,1
DA:8,1
DA:10,1
DA:12,5
DA:13,5
DA:15,2
DA:16,2
DA:18,1
DA:19,1
DA:21,1
DA:22,1
DA:24,1
DA:26,5
DA:29,1
DA:30,1
DA:32,1
DA:33,1
DA:35,0
DA:36,0
DA:38,0
DA:39,0
DA:41,0
DA:42,0
DA:44,0
DA:45,0
DA:49,1
LF:31
LH:23
BRDA:13,0,0,2
BRDA:13,0,1,1
BRDA:13,0,2,1
BRDA:13,0,3,1
BRDA:15,1,0,2
BRDA:15,1,1,1
BRDA:18,2,0,1
BRDA:18,2,1,0
BRDA:21,3,0,1
BRDA:21,3,1,0
BRDA:30,4,0,1
BRDA:30,4,1,0
BRDA:30,4,2,0
BRDA:30,4,3,0
BRDA:30,4,4,0
BRF:15
BRH:9
end_of_record
TN:
SF:/Users/willhenshaw/Desktop/ticket-app/server/filter-helpers/numberFilter.js
FN:2,(anonymous_0)
FNF:1
FNH:0
FNDA:0,(anonymous_0)
DA:1,1
DA:3,0
LF:2
LH:1
BRDA:3,0,0,0
BRDA:3,0,1,0
BRF:2
BRH:0
end_of_record
TN:
SF:/Users/willhenshaw/Desktop/ticket-app/server/filter-helpers/stringFilter.js
FN:2,(anonymous_0)
FNF:1
FNH:0
FNDA:0,(anonymous_0)
DA:1,1
DA:3,0
DA:4,0
LF:3
LH:1
BRDA:4,0,0,0
BRDA:4,0,1,0
BRF:2
BRH:0
end_of_record
